<?xml version="1.0" encoding="UTF-8"?>
<!-- Generated by org.testng.reporters.JUnitReportReporter -->
<testsuite skipped="0" hostname="Lenovo-PC" name="com.tekarch.Demo_JenkinsMaven.SalesforceLogin" tests="1" failures="0" timestamp="2021-01-28T16:04:45 PST" time="8.972" errors="0">
  <testcase name="loginSalesforce" time="8.972" classname="com.tekarch.Demo_JenkinsMaven.SalesforceLogin"/>
  <system-out/>
</testsuite> <!-- com.tekarch.Demo_JenkinsMaven.SalesforceLogin -->
